Using pre-set license
Built from '2020.2/staging' branch; Version is '2020.2.0b5 (e2067236bd5c) revision 14812786'; Using compiler version '192528614'; Build Type 'Release'
OS: 'Windows 10  (10.0.0) 64bit' Language: 'en' Physical Memory: 32715 MB
BatchMode: 1, IsHumanControllingUs: 0, StartBugReporterOnCrash: 0, Is64bit: 1, IsPro: 0

 COMMAND LINE ARGUMENTS:
C:\Users\yom\Documents\Unity\2020.2.0b5\Editor\Unity.exe
-adb2
-batchMode
-noUpm
-name
AssetImportWorker0
-projectPath
C:/Users/yom/Documents/GitHub/IWantToGo/I want to go
-logFile
Logs/AssetImportWorker0.log
-srvPort
54711
Successfully changed project path to: C:/Users/yom/Documents/GitHub/IWantToGo/I want to go
C:/Users/yom/Documents/GitHub/IWantToGo/I want to go
Using Asset Import Pipeline V2.
Refreshing native plugins compatible for Editor in 41.71 ms, found 1 plugins.
Preloading 0 native plugins for Editor in 0.00 ms.
Initialize engine version: 2020.2.0b5 (e2067236bd5c)
[Subsystems] Discovering subsystems at path C:/Users/yom/Documents/Unity/2020.2.0b5/Editor/Data/Resources/UnitySubsystems
[Subsystems] Discovering subsystems at path C:/Users/yom/Documents/GitHub/IWantToGo/I want to go/Assets
GfxDevice: creating device client; threaded=0
Direct3D:
    Version:  Direct3D 11.0 [level 11.1]
    Renderer: NVIDIA GeForce GTX 1070 (ID=0x1b81)
    Vendor:   
    VRAM:     8088 MB
    Driver:   27.21.14.5167
Initialize mono
Mono path[0] = 'C:/Users/yom/Documents/Unity/2020.2.0b5/Editor/Data/Managed'
Mono path[1] = 'C:/Users/yom/Documents/Unity/2020.2.0b5/Editor/Data/MonoBleedingEdge/lib/mono/unityjit'
Mono config path = 'C:/Users/yom/Documents/Unity/2020.2.0b5/Editor/Data/MonoBleedingEdge/etc'
Using monoOptions --debugger-agent=transport=dt_socket,embedding=1,server=y,suspend=n,address=127.0.0.1:56728
Begin MonoManager ReloadAssembly
Registering precompiled unity dll's ...
Register platform support module: C:/Users/yom/Documents/Unity/2020.2.0b5/Editor/Data/PlaybackEngines/WindowsStandaloneSupport/UnityEditor.WindowsStandalone.Extensions.dll
Registered in 0.002624 seconds.
Native extension for WindowsStandalone target not found
Refreshing native plugins compatible for Editor in 42.49 ms, found 1 plugins.
Preloading 0 native plugins for Editor in 0.00 ms.
Invoked RoslynAnalysisRunner static constructor.
RoslynAnalysisRunner will not be running.
RoslynAnalysisRunner has terminated.
Mono: successfully reloaded assembly
- Completed reload, in  1.235 seconds
Platform modules already initialized, skipping
Registering precompiled user dll's ...
Registered in 0.001332 seconds.
Begin MonoManager ReloadAssembly
Symbol file LoadedFromMemory doesn't match image C:\Users\yom\Documents\GitHub\IWantToGo\I want to go\Library\PackageCache\com.unity.ext.nunit@1.0.0\net35\unity-custom\nunit.framework.dll
Native extension for WindowsStandalone target not found
Refreshing native plugins compatible for Editor in 42.14 ms, found 1 plugins.
Preloading 0 native plugins for Editor in 0.00 ms.
Invoked RoslynAnalysisRunner static constructor.
RoslynAnalysisRunner will not be running.
RoslynAnalysisRunner has terminated.
Mono: successfully reloaded assembly
- Completed reload, in  1.071 seconds
Platform modules already initialized, skipping
========================================================================
Worker process is ready to serve import requests
Launched and connected shader compiler UnityShaderCompiler.exe after 0.03 seconds
Refreshing native plugins compatible for Editor in 0.41 ms, found 1 plugins.
Preloading 0 native plugins for Editor in 0.00 ms.
Unloading 1792 Unused Serialized files (Serialized files now loaded: 0)
System memory in use before: 85.1 MB.
System memory in use after: 85.1 MB.

Unloading 24 unused Assets to reduce memory usage. Loaded Objects now: 2232.
Total: 2.529600 ms (FindLiveObjects: 0.428600 ms CreateObjectMapping: 0.052600 ms MarkObjects: 1.926000 ms  DeleteObjects: 0.121100 ms)

========================================================================
Received Import Request.
  path: Assets/Sprites/Tiles/tiles.png
  artifactKey: Guid(1cb7cc29fb416c64d95a5ae01907a3fe) Importer(815301076,1909f56bfc062723c751e8b465ee728b)
Start importing Assets/Sprites/Tiles/tiles.png using Guid(1cb7cc29fb416c64d95a5ae01907a3fe) Importer(815301076,1909f56bfc062723c751e8b465ee728b)  -> (artifact id: '4937fd74778742ac5e3a9770903b0a7f') in 0.253626 seconds
  Import took 0.257890 seconds .

========================================================================
Received Prepare
Reloading mono domain
Begin MonoManager ReloadAssembly
Registering precompiled unity dll's ...
Register platform support module: C:/Users/yom/Documents/Unity/2020.2.0b5/Editor/Data/PlaybackEngines/WindowsStandaloneSupport/UnityEditor.WindowsStandalone.Extensions.dll
Registered in 0.002615 seconds.
Symbol file LoadedFromMemory doesn't match image C:\Users\yom\Documents\GitHub\IWantToGo\I want to go\Library\PackageCache\com.unity.ext.nunit@1.0.0\net35\unity-custom\nunit.framework.dll
Native extension for WindowsStandalone target not found
Refreshing native plugins compatible for Editor in 45.87 ms, found 1 plugins.
Preloading 0 native plugins for Editor in 0.00 ms.
Invoked RoslynAnalysisRunner static constructor.
RoslynAnalysisRunner will not be running.
RoslynAnalysisRunner has terminated.
Mono: successfully reloaded assembly
- Completed reload, in  1.047 seconds
Platform modules already initialized, skipping
Registering precompiled user dll's ...
Registered in 0.001337 seconds.
Begin MonoManager ReloadAssembly
Symbol file LoadedFromMemory doesn't match image C:\Users\yom\Documents\GitHub\IWantToGo\I want to go\Library\PackageCache\com.unity.ext.nunit@1.0.0\net35\unity-custom\nunit.framework.dll
Native extension for WindowsStandalone target not found
Refreshing native plugins compatible for Editor in 0.41 ms, found 1 plugins.
Preloading 0 native plugins for Editor in 0.00 ms.
Invoked RoslynAnalysisRunner static constructor.
RoslynAnalysisRunner will not be running.
RoslynAnalysisRunner has terminated.
Mono: successfully reloaded assembly
- Completed reload, in  1.034 seconds
Platform modules already initialized, skipping
Refreshing native plugins compatible for Editor in 0.41 ms, found 1 plugins.
Preloading 0 native plugins for Editor in 0.00 ms.
Unloading 13 Unused Serialized files (Serialized files now loaded: 0)
System memory in use before: 53.3 MB.
System memory in use after: 53.3 MB.

Unloading 12 unused Assets to reduce memory usage. Loaded Objects now: 2244.
Total: 2.357000 ms (FindLiveObjects: 0.388100 ms CreateObjectMapping: 0.051100 ms MarkObjects: 1.803500 ms  DeleteObjects: 0.113200 ms)

========================================================================
Received Prepare
Reloading mono domain
Begin MonoManager ReloadAssembly
Registering precompiled unity dll's ...
Register platform support module: C:/Users/yom/Documents/Unity/2020.2.0b5/Editor/Data/PlaybackEngines/WindowsStandaloneSupport/UnityEditor.WindowsStandalone.Extensions.dll
Registered in 0.002510 seconds.
Symbol file LoadedFromMemory doesn't match image C:\Users\yom\Documents\GitHub\IWantToGo\I want to go\Library\PackageCache\com.unity.ext.nunit@1.0.0\net35\unity-custom\nunit.framework.dll
Native extension for WindowsStandalone target not found
Refreshing native plugins compatible for Editor in 43.21 ms, found 1 plugins.
Preloading 0 native plugins for Editor in 0.00 ms.
Invoked RoslynAnalysisRunner static constructor.
RoslynAnalysisRunner will not be running.
RoslynAnalysisRunner has terminated.
Mono: successfully reloaded assembly
- Completed reload, in  1.096 seconds
Platform modules already initialized, skipping
Registering precompiled user dll's ...
Registered in 0.001325 seconds.
Begin MonoManager ReloadAssembly
Symbol file LoadedFromMemory doesn't match image C:\Users\yom\Documents\GitHub\IWantToGo\I want to go\Library\PackageCache\com.unity.ext.nunit@1.0.0\net35\unity-custom\nunit.framework.dll
Native extension for WindowsStandalone target not found
Refreshing native plugins compatible for Editor in 0.41 ms, found 1 plugins.
Preloading 0 native plugins for Editor in 0.00 ms.
Invoked RoslynAnalysisRunner static constructor.
RoslynAnalysisRunner will not be running.
RoslynAnalysisRunner has terminated.
Mono: successfully reloaded assembly
- Completed reload, in  1.099 seconds
Platform modules already initialized, skipping
Refreshing native plugins compatible for Editor in 0.40 ms, found 1 plugins.
Preloading 0 native plugins for Editor in 0.00 ms.
Unloading 13 Unused Serialized files (Serialized files now loaded: 0)
System memory in use before: 53.4 MB.
System memory in use after: 53.4 MB.

Unloading 12 unused Assets to reduce memory usage. Loaded Objects now: 2249.
Total: 2.766300 ms (FindLiveObjects: 0.398800 ms CreateObjectMapping: 0.050300 ms MarkObjects: 2.191800 ms  DeleteObjects: 0.123900 ms)

========================================================================
Received Prepare
Reloading mono domain
Begin MonoManager ReloadAssembly
Registering precompiled unity dll's ...
Register platform support module: C:/Users/yom/Documents/Unity/2020.2.0b5/Editor/Data/PlaybackEngines/WindowsStandaloneSupport/UnityEditor.WindowsStandalone.Extensions.dll
Registered in 0.002499 seconds.
Symbol file LoadedFromMemory doesn't match image C:\Users\yom\Documents\GitHub\IWantToGo\I want to go\Library\PackageCache\com.unity.ext.nunit@1.0.0\net35\unity-custom\nunit.framework.dll
Native extension for WindowsStandalone target not found
Refreshing native plugins compatible for Editor in 43.17 ms, found 1 plugins.
Preloading 0 native plugins for Editor in 0.00 ms.
Invoked RoslynAnalysisRunner static constructor.
RoslynAnalysisRunner will not be running.
RoslynAnalysisRunner has terminated.
Mono: successfully reloaded assembly
- Completed reload, in  1.166 seconds
Platform modules already initialized, skipping
Registering precompiled user dll's ...
Registered in 0.001342 seconds.
Begin MonoManager ReloadAssembly
Symbol file LoadedFromMemory doesn't match image C:\Users\yom\Documents\GitHub\IWantToGo\I want to go\Library\PackageCache\com.unity.ext.nunit@1.0.0\net35\unity-custom\nunit.framework.dll
Native extension for WindowsStandalone target not found
Refreshing native plugins compatible for Editor in 0.41 ms, found 1 plugins.
Preloading 0 native plugins for Editor in 0.00 ms.
Invoked RoslynAnalysisRunner static constructor.
RoslynAnalysisRunner will not be running.
RoslynAnalysisRunner has terminated.
Mono: successfully reloaded assembly
- Completed reload, in  1.155 seconds
Platform modules already initialized, skipping
Refreshing native plugins compatible for Editor in 0.41 ms, found 1 plugins.
Preloading 0 native plugins for Editor in 0.00 ms.
Unloading 13 Unused Serialized files (Serialized files now loaded: 0)
System memory in use before: 53.5 MB.
System memory in use after: 53.5 MB.

Unloading 12 unused Assets to reduce memory usage. Loaded Objects now: 2254.
Total: 2.506600 ms (FindLiveObjects: 0.401800 ms CreateObjectMapping: 0.052000 ms MarkObjects: 1.938800 ms  DeleteObjects: 0.112700 ms)

========================================================================
Received Prepare
Reloading mono domain
Begin MonoManager ReloadAssembly
Registering precompiled unity dll's ...
Register platform support module: C:/Users/yom/Documents/Unity/2020.2.0b5/Editor/Data/PlaybackEngines/WindowsStandaloneSupport/UnityEditor.WindowsStandalone.Extensions.dll
Registered in 0.002769 seconds.
Symbol file LoadedFromMemory doesn't match image C:\Users\yom\Documents\GitHub\IWantToGo\I want to go\Library\PackageCache\com.unity.ext.nunit@1.0.0\net35\unity-custom\nunit.framework.dll
Native extension for WindowsStandalone target not found
Refreshing native plugins compatible for Editor in 43.63 ms, found 1 plugins.
Preloading 0 native plugins for Editor in 0.00 ms.
Invoked RoslynAnalysisRunner static constructor.
RoslynAnalysisRunner will not be running.
RoslynAnalysisRunner has terminated.
Mono: successfully reloaded assembly
- Completed reload, in  1.268 seconds
Platform modules already initialized, skipping
Registering precompiled user dll's ...
Registered in 0.001321 seconds.
Begin MonoManager ReloadAssembly
Symbol file LoadedFromMemory doesn't match image C:\Users\yom\Documents\GitHub\IWantToGo\I want to go\Library\PackageCache\com.unity.ext.nunit@1.0.0\net35\unity-custom\nunit.framework.dll
Native extension for WindowsStandalone target not found
Refreshing native plugins compatible for Editor in 0.43 ms, found 1 plugins.
Preloading 0 native plugins for Editor in 0.00 ms.
Invoked RoslynAnalysisRunner static constructor.
RoslynAnalysisRunner will not be running.
RoslynAnalysisRunner has terminated.
Mono: successfully reloaded assembly
- Completed reload, in  1.272 seconds
Platform modules already initialized, skipping
Refreshing native plugins compatible for Editor in 0.44 ms, found 1 plugins.
Preloading 0 native plugins for Editor in 0.00 ms.
Unloading 13 Unused Serialized files (Serialized files now loaded: 0)
System memory in use before: 53.6 MB.
System memory in use after: 53.6 MB.

Unloading 12 unused Assets to reduce memory usage. Loaded Objects now: 2259.
Total: 2.847500 ms (FindLiveObjects: 0.561700 ms CreateObjectMapping: 0.081300 ms MarkObjects: 2.074600 ms  DeleteObjects: 0.128200 ms)

========================================================================
Received Prepare
Reloading mono domain
Begin MonoManager ReloadAssembly
Registering precompiled unity dll's ...
Register platform support module: C:/Users/yom/Documents/Unity/2020.2.0b5/Editor/Data/PlaybackEngines/WindowsStandaloneSupport/UnityEditor.WindowsStandalone.Extensions.dll
Registered in 0.002682 seconds.
Symbol file LoadedFromMemory doesn't match image C:\Users\yom\Documents\GitHub\IWantToGo\I want to go\Library\PackageCache\com.unity.ext.nunit@1.0.0\net35\unity-custom\nunit.framework.dll
Native extension for WindowsStandalone target not found
Refreshing native plugins compatible for Editor in 45.13 ms, found 1 plugins.
Preloading 0 native plugins for Editor in 0.00 ms.
Invoked RoslynAnalysisRunner static constructor.
RoslynAnalysisRunner will not be running.
RoslynAnalysisRunner has terminated.
Mono: successfully reloaded assembly
- Completed reload, in  1.375 seconds
Platform modules already initialized, skipping
Registering precompiled user dll's ...
Registered in 0.001430 seconds.
Begin MonoManager ReloadAssembly
Symbol file LoadedFromMemory doesn't match image C:\Users\yom\Documents\GitHub\IWantToGo\I want to go\Library\PackageCache\com.unity.ext.nunit@1.0.0\net35\unity-custom\nunit.framework.dll
Native extension for WindowsStandalone target not found
Refreshing native plugins compatible for Editor in 0.40 ms, found 1 plugins.
Preloading 0 native plugins for Editor in 0.00 ms.
Invoked RoslynAnalysisRunner static constructor.
RoslynAnalysisRunner will not be running.
RoslynAnalysisRunner has terminated.
Mono: successfully reloaded assembly
- Completed reload, in  1.314 seconds
Platform modules already initialized, skipping
Refreshing native plugins compatible for Editor in 0.40 ms, found 1 plugins.
Preloading 0 native plugins for Editor in 0.00 ms.
Unloading 13 Unused Serialized files (Serialized files now loaded: 0)
System memory in use before: 53.7 MB.
System memory in use after: 53.7 MB.

Unloading 12 unused Assets to reduce memory usage. Loaded Objects now: 2264.
Total: 2.495100 ms (FindLiveObjects: 0.408300 ms CreateObjectMapping: 0.049600 ms MarkObjects: 1.917900 ms  DeleteObjects: 0.118100 ms)

========================================================================
Received Import Request.
  Time since last request: 450.806687 seconds.
  path: Assets/Sprites/Tiles/tiles.png
  artifactKey: Guid(1cb7cc29fb416c64d95a5ae01907a3fe) Importer(815301076,1909f56bfc062723c751e8b465ee728b)
Start importing Assets/Sprites/Tiles/tiles.png using Guid(1cb7cc29fb416c64d95a5ae01907a3fe) Importer(815301076,1909f56bfc062723c751e8b465ee728b)  -> (artifact id: 'abd8bc79fe0f71c1cd896edc2032bddb') in 0.249591 seconds
  Import took 0.254314 seconds .

========================================================================
Received Import Request.
  Time since last request: 192.598106 seconds.
  path: Assets/Sprites/Tiles/tiles.png
  artifactKey: Guid(1cb7cc29fb416c64d95a5ae01907a3fe) Importer(815301076,1909f56bfc062723c751e8b465ee728b)
Start importing Assets/Sprites/Tiles/tiles.png using Guid(1cb7cc29fb416c64d95a5ae01907a3fe) Importer(815301076,1909f56bfc062723c751e8b465ee728b)  -> (artifact id: '8bb85373c549aa5a34d792377b6d6efe') in 0.206332 seconds
  Import took 0.210879 seconds .

========================================================================
Received Import Request.
  Time since last request: 84.358085 seconds.
  path: Assets/Sprites/Tiles/tiles.png
  artifactKey: Guid(1cb7cc29fb416c64d95a5ae01907a3fe) Importer(815301076,1909f56bfc062723c751e8b465ee728b)
Start importing Assets/Sprites/Tiles/tiles.png using Guid(1cb7cc29fb416c64d95a5ae01907a3fe) Importer(815301076,1909f56bfc062723c751e8b465ee728b)  -> (artifact id: 'b8fc74636a4977c4e891b5663a6afdb8') in 0.156859 seconds
  Import took 0.161349 seconds .

========================================================================
Received Prepare
Reloading mono domain
Begin MonoManager ReloadAssembly
Registering precompiled unity dll's ...
Register platform support module: C:/Users/yom/Documents/Unity/2020.2.0b5/Editor/Data/PlaybackEngines/WindowsStandaloneSupport/UnityEditor.WindowsStandalone.Extensions.dll
Registered in 0.002809 seconds.
Symbol file LoadedFromMemory doesn't match image C:\Users\yom\Documents\GitHub\IWantToGo\I want to go\Library\PackageCache\com.unity.ext.nunit@1.0.0\net35\unity-custom\nunit.framework.dll
Native extension for WindowsStandalone target not found
Refreshing native plugins compatible for Editor in 43.17 ms, found 1 plugins.
Preloading 0 native plugins for Editor in 0.00 ms.
Invoked RoslynAnalysisRunner static constructor.
RoslynAnalysisRunner will not be running.
RoslynAnalysisRunner has terminated.
Mono: successfully reloaded assembly
- Completed reload, in  1.354 seconds
Platform modules already initialized, skipping
Registering precompiled user dll's ...
Registered in 0.001427 seconds.
Begin MonoManager ReloadAssembly
Symbol file LoadedFromMemory doesn't match image C:\Users\yom\Documents\GitHub\IWantToGo\I want to go\Library\PackageCache\com.unity.ext.nunit@1.0.0\net35\unity-custom\nunit.framework.dll
Native extension for WindowsStandalone target not found
Refreshing native plugins compatible for Editor in 0.41 ms, found 1 plugins.
Preloading 0 native plugins for Editor in 0.00 ms.
Invoked RoslynAnalysisRunner static constructor.
RoslynAnalysisRunner will not be running.
RoslynAnalysisRunner has terminated.
Mono: successfully reloaded assembly
- Completed reload, in  1.356 seconds
Platform modules already initialized, skipping
Refreshing native plugins compatible for Editor in 0.42 ms, found 1 plugins.
Preloading 0 native plugins for Editor in 0.00 ms.
Unloading 13 Unused Serialized files (Serialized files now loaded: 0)
System memory in use before: 53.8 MB.
System memory in use after: 53.8 MB.

Unloading 12 unused Assets to reduce memory usage. Loaded Objects now: 2270.
Total: 3.156300 ms (FindLiveObjects: 0.556600 ms CreateObjectMapping: 0.065200 ms MarkObjects: 2.402800 ms  DeleteObjects: 0.129800 ms)

========================================================================
Received Prepare
Reloading mono domain
Begin MonoManager ReloadAssembly
Registering precompiled unity dll's ...
Register platform support module: C:/Users/yom/Documents/Unity/2020.2.0b5/Editor/Data/PlaybackEngines/WindowsStandaloneSupport/UnityEditor.WindowsStandalone.Extensions.dll
Registered in 0.002438 seconds.
Symbol file LoadedFromMemory doesn't match image C:\Users\yom\Documents\GitHub\IWantToGo\I want to go\Library\PackageCache\com.unity.ext.nunit@1.0.0\net35\unity-custom\nunit.framework.dll
Native extension for WindowsStandalone target not found
Refreshing native plugins compatible for Editor in 45.18 ms, found 1 plugins.
Preloading 0 native plugins for Editor in 0.00 ms.
Invoked RoslynAnalysisRunner static constructor.
RoslynAnalysisRunner will not be running.
RoslynAnalysisRunner has terminated.
Mono: successfully reloaded assembly
- Completed reload, in  1.432 seconds
Platform modules already initialized, skipping
Registering precompiled user dll's ...
Registered in 0.001312 seconds.
Begin MonoManager ReloadAssembly
Symbol file LoadedFromMemory doesn't match image C:\Users\yom\Documents\GitHub\IWantToGo\I want to go\Library\PackageCache\com.unity.ext.nunit@1.0.0\net35\unity-custom\nunit.framework.dll
Native extension for WindowsStandalone target not found
Refreshing native plugins compatible for Editor in 0.40 ms, found 1 plugins.
Preloading 0 native plugins for Editor in 0.00 ms.
Invoked RoslynAnalysisRunner static constructor.
RoslynAnalysisRunner will not be running.
RoslynAnalysisRunner has terminated.
Mono: successfully reloaded assembly
- Completed reload, in  1.382 seconds
Platform modules already initialized, skipping
Refreshing native plugins compatible for Editor in 0.40 ms, found 1 plugins.
Preloading 0 native plugins for Editor in 0.00 ms.
Unloading 13 Unused Serialized files (Serialized files now loaded: 0)
System memory in use before: 53.9 MB.
System memory in use after: 53.9 MB.

Unloading 12 unused Assets to reduce memory usage. Loaded Objects now: 2275.
Total: 2.533700 ms (FindLiveObjects: 0.404000 ms CreateObjectMapping: 0.053500 ms MarkObjects: 1.958500 ms  DeleteObjects: 0.116500 ms)

========================================================================
Received Import Request.
  Time since last request: 306.647406 seconds.
  path: Assets/Meterials
  artifactKey: Guid(821f3b78b61b68f47b0af6e68d046a61) Importer(815301076,1909f56bfc062723c751e8b465ee728b)
Start importing Assets/Meterials using Guid(821f3b78b61b68f47b0af6e68d046a61) Importer(815301076,1909f56bfc062723c751e8b465ee728b)  -> (artifact id: '5bf089b9705c01f45c14a6cabceeccac') in 0.010368 seconds
  Import took 0.014371 seconds .

========================================================================
Received Import Request.
  Time since last request: 5.448094 seconds.
  path: Assets/Meterials/New Physic Material.physicMaterial
  artifactKey: Guid(1583152d1072f3c44b3942c2a84867cc) Importer(815301076,1909f56bfc062723c751e8b465ee728b)
Start importing Assets/Meterials/New Physic Material.physicMaterial using Guid(1583152d1072f3c44b3942c2a84867cc) Importer(815301076,1909f56bfc062723c751e8b465ee728b)  -> (artifact id: '171e22cb06d66e4013dc840dfe655716') in 0.019378 seconds
  Import took 0.023399 seconds .

========================================================================
Received Import Request.
  Time since last request: 0.006720 seconds.
  path: Assets/Meterials/New Physic Material.physicMaterial
  artifactKey: Guid(1583152d1072f3c44b3942c2a84867cc) Importer(815301076,1909f56bfc062723c751e8b465ee728b)
Start importing Assets/Meterials/New Physic Material.physicMaterial using Guid(1583152d1072f3c44b3942c2a84867cc) Importer(815301076,1909f56bfc062723c751e8b465ee728b)  -> (artifact id: '171e22cb06d66e4013dc840dfe655716') in 0.005310 seconds
  Import took 0.009417 seconds .

========================================================================
Received Prepare
Reloading mono domain
Begin MonoManager ReloadAssembly
Registering precompiled unity dll's ...
Register platform support module: C:/Users/yom/Documents/Unity/2020.2.0b5/Editor/Data/PlaybackEngines/WindowsStandaloneSupport/UnityEditor.WindowsStandalone.Extensions.dll
Registered in 0.002455 seconds.
Symbol file LoadedFromMemory doesn't match image C:\Users\yom\Documents\GitHub\IWantToGo\I want to go\Library\PackageCache\com.unity.ext.nunit@1.0.0\net35\unity-custom\nunit.framework.dll
Native extension for WindowsStandalone target not found
Refreshing native plugins compatible for Editor in 43.00 ms, found 1 plugins.
Preloading 0 native plugins for Editor in 0.00 ms.
Invoked RoslynAnalysisRunner static constructor.
RoslynAnalysisRunner will not be running.
RoslynAnalysisRunner has terminated.
Mono: successfully reloaded assembly
- Completed reload, in  1.474 seconds
Platform modules already initialized, skipping
Registering precompiled user dll's ...
Registered in 0.001657 seconds.
Begin MonoManager ReloadAssembly
Symbol file LoadedFromMemory doesn't match image C:\Users\yom\Documents\GitHub\IWantToGo\I want to go\Library\PackageCache\com.unity.ext.nunit@1.0.0\net35\unity-custom\nunit.framework.dll
Native extension for WindowsStandalone target not found
Refreshing native plugins compatible for Editor in 0.41 ms, found 1 plugins.
Preloading 0 native plugins for Editor in 0.00 ms.
Invoked RoslynAnalysisRunner static constructor.
RoslynAnalysisRunner will not be running.
RoslynAnalysisRunner has terminated.
Mono: successfully reloaded assembly
- Completed reload, in  1.456 seconds
Platform modules already initialized, skipping
Refreshing native plugins compatible for Editor in 0.42 ms, found 1 plugins.
Preloading 0 native plugins for Editor in 0.00 ms.
Unloading 13 Unused Serialized files (Serialized files now loaded: 0)
System memory in use before: 54.0 MB.
System memory in use after: 54.0 MB.

Unloading 12 unused Assets to reduce memory usage. Loaded Objects now: 2280.
Total: 2.777700 ms (FindLiveObjects: 0.570900 ms CreateObjectMapping: 0.090200 ms MarkObjects: 2.002000 ms  DeleteObjects: 0.113500 ms)

========================================================================
Received Import Request.
  Time since last request: 97.823446 seconds.
  path: Assets/Meterials/New Material.mat
  artifactKey: Guid(ba53ed92d5b57934fb73fdfab36d08e4) Importer(815301076,1909f56bfc062723c751e8b465ee728b)
Start importing Assets/Meterials/New Material.mat using Guid(ba53ed92d5b57934fb73fdfab36d08e4) Importer(815301076,1909f56bfc062723c751e8b465ee728b)  -> (artifact id: 'a88e024cee5d8fddedb8228898169e6c') in 0.098476 seconds
  Import took 0.102738 seconds .

========================================================================
Received Import Request.
  Time since last request: 21.766475 seconds.
  path: Assets/Meterials/New Physic Material.physicMaterial
  artifactKey: Guid(3c3f53a12a1f4a94ba5dd3a6b6e8b657) Importer(815301076,1909f56bfc062723c751e8b465ee728b)
Start importing Assets/Meterials/New Physic Material.physicMaterial using Guid(3c3f53a12a1f4a94ba5dd3a6b6e8b657) Importer(815301076,1909f56bfc062723c751e8b465ee728b)  -> (artifact id: '841a25c8976d50db203685f44da10342') in 0.008752 seconds
  Import took 0.012690 seconds .

========================================================================
Received Import Request.
  Time since last request: 0.000812 seconds.
  path: Assets/Meterials/New Physic Material.physicMaterial
  artifactKey: Guid(3c3f53a12a1f4a94ba5dd3a6b6e8b657) Importer(815301076,1909f56bfc062723c751e8b465ee728b)
Start importing Assets/Meterials/New Physic Material.physicMaterial using Guid(3c3f53a12a1f4a94ba5dd3a6b6e8b657) Importer(815301076,1909f56bfc062723c751e8b465ee728b)  -> (artifact id: '841a25c8976d50db203685f44da10342') in 0.008684 seconds
  Import took 0.012643 seconds .

========================================================================
Received Import Request.
  Time since last request: 50.355712 seconds.
  path: Assets/Meterials/PlayerPlysics.physicsMaterial2D
  artifactKey: Guid(34fb5e65061e3ee48b7cfa164a97f527) Importer(815301076,1909f56bfc062723c751e8b465ee728b)
Start importing Assets/Meterials/PlayerPlysics.physicsMaterial2D using Guid(34fb5e65061e3ee48b7cfa164a97f527) Importer(815301076,1909f56bfc062723c751e8b465ee728b)  -> (artifact id: '2b4ace59d592ca99b2b3279b549909f5') in 0.012228 seconds
  Import took 0.016442 seconds .

========================================================================
Received Import Request.
  Time since last request: 0.000538 seconds.
  path: Assets/Meterials/PlayerPlysics.physicsMaterial2D
  artifactKey: Guid(34fb5e65061e3ee48b7cfa164a97f527) Importer(815301076,1909f56bfc062723c751e8b465ee728b)
Start importing Assets/Meterials/PlayerPlysics.physicsMaterial2D using Guid(34fb5e65061e3ee48b7cfa164a97f527) Importer(815301076,1909f56bfc062723c751e8b465ee728b)  -> (artifact id: '2b4ace59d592ca99b2b3279b549909f5') in 0.005383 seconds
  Import took 0.009373 seconds .

========================================================================
Received Prepare
Reloading mono domain
Begin MonoManager ReloadAssembly
Registering precompiled unity dll's ...
Register platform support module: C:/Users/yom/Documents/Unity/2020.2.0b5/Editor/Data/PlaybackEngines/WindowsStandaloneSupport/UnityEditor.WindowsStandalone.Extensions.dll
Registered in 0.002711 seconds.
Symbol file LoadedFromMemory doesn't match image C:\Users\yom\Documents\GitHub\IWantToGo\I want to go\Library\PackageCache\com.unity.ext.nunit@1.0.0\net35\unity-custom\nunit.framework.dll
Native extension for WindowsStandalone target not found
Refreshing native plugins compatible for Editor in 43.35 ms, found 1 plugins.
Preloading 0 native plugins for Editor in 0.00 ms.
Invoked RoslynAnalysisRunner static constructor.
RoslynAnalysisRunner will not be running.
RoslynAnalysisRunner has terminated.
Mono: successfully reloaded assembly
- Completed reload, in  1.543 seconds
Platform modules already initialized, skipping
Registering precompiled user dll's ...
Registered in 0.001297 seconds.
Begin MonoManager ReloadAssembly
Symbol file LoadedFromMemory doesn't match image C:\Users\yom\Documents\GitHub\IWantToGo\I want to go\Library\PackageCache\com.unity.ext.nunit@1.0.0\net35\unity-custom\nunit.framework.dll
Native extension for WindowsStandalone target not found
Refreshing native plugins compatible for Editor in 0.44 ms, found 1 plugins.
Preloading 0 native plugins for Editor in 0.00 ms.
Invoked RoslynAnalysisRunner static constructor.
RoslynAnalysisRunner will not be running.
RoslynAnalysisRunner has terminated.
Mono: successfully reloaded assembly
- Completed reload, in  1.513 seconds
Platform modules already initialized, skipping
Refreshing native plugins compatible for Editor in 0.40 ms, found 1 plugins.
Preloading 0 native plugins for Editor in 0.00 ms.
Unloading 13 Unused Serialized files (Serialized files now loaded: 0)
System memory in use before: 54.7 MB.
System memory in use after: 54.7 MB.

Unloading 12 unused Assets to reduce memory usage. Loaded Objects now: 2325.
Total: 2.387300 ms (FindLiveObjects: 0.399900 ms CreateObjectMapping: 0.048700 ms MarkObjects: 1.828500 ms  DeleteObjects: 0.109300 ms)

AssetImportWorkerClient::OnTransportError - code=2 error=End of file
